<?xml version="1.0" encoding="UTF-8"?>
<!-- Generated by org.testng.reporters.JUnitReportReporter -->
<testsuite hostname="LAPTOP-OU4OTUAT" failures="0" tests="1" name="Basic.OrganizationsTest" time="8.344" errors="0" timestamp="2024-03-22T10:12:16 IST" skipped="0">
  <testcase classname="Basic.OrganizationsTest" name="createOrganizationsTest" time="8.344"/>
  <system-out/>
</testsuite> <!-- Basic.OrganizationsTest -->
